# JRE version: Java(TM) SE Runtime Environment (8.0_20-b26) (build 1.8.0_20-b26)
# Java VM: Java HotSpot(TM) 64-Bit Server VM (25.20-b23 mixed mode windows-amd64 compressed oops)
Heap:
 PSYoungGen      total 28672K, used 4090K [0x00000000e0800000, 0x00000000e2800000, 0x0000000100000000)
  eden space 24576K, 0% used [0x00000000e0800000,0x00000000e0800000,0x00000000e2000000)
  from space 4096K, 99% used [0x00000000e2000000,0x00000000e23feab0,0x00000000e2400000)
  to   space 4096K, 0% used [0x00000000e2400000,0x00000000e2400000,0x00000000e2800000)
 ParOldGen       total 65536K, used 4516K [0x00000000a1800000, 0x00000000a5800000, 0x00000000e0800000)
  object space 65536K, 6% used [0x00000000a1800000,0x00000000a1c693c8,0x00000000a5800000)
 Metaspace       used 17628K, capacity 17804K, committed 17920K, reserved 1069056K
  class space    used 2248K, capacity 2298K, committed 2304K, reserved 1048576K
GC Heap History (3 events):
Event: 6.748 GC heap before
{Heap before GC invocations=1 (full 0):
 PSYoungGen      total 28672K, used 22318K [0x00000000e0800000, 0x00000000e2800000, 0x0000000100000000)
  eden space 24576K, 90% used [0x00000000e0800000,0x00000000e1dcbb90,0x00000000e2000000)
  from space 4096K, 0% used [0x00000000e2400000,0x00000000e2400000,0x00000000e2800000)
  to   space 4096K, 0% used [0x00000000e2000000,0x00000000e2000000,0x00000000e2400000)
 ParOldGen       total 65536K, used 0K [0x00000000a1800000, 0x00000000a5800000, 0x00000000e0800000)
  object space 65536K, 0% used [0x00000000a1800000,0x00000000a1800000,0x00000000a5800000)
 Metaspace       used 17628K, capacity 17804K, committed 17920K, reserved 1069056K
  class space    used 2248K, capacity 2298K, committed 2304K, reserved 1048576K
Event: 6.758 GC heap after
Heap after GC invocations=1 (full 0):
 PSYoungGen      total 28672K, used 4090K [0x00000000e0800000, 0x00000000e2800000, 0x0000000100000000)
  eden space 24576K, 0% used [0x00000000e0800000,0x00000000e0800000,0x00000000e2000000)
  from space 4096K, 99% used [0x00000000e2000000,0x00000000e23feab0,0x00000000e2400000)
  to   space 4096K, 0% used [0x00000000e2400000,0x00000000e2400000,0x00000000e2800000)
 ParOldGen       total 65536K, used 4516K [0x00000000a1800000, 0x00000000a5800000, 0x00000000e0800000)
  object space 65536K, 6% used [0x00000000a1800000,0x00000000a1c693c8,0x00000000a5800000)
 Metaspace       used 17628K, capacity 17804K, committed 17920K, reserved 1069056K
  class space    used 2248K, capacity 2298K, committed 2304K, reserved 1048576K
}
Event: 6.758 GC heap before
{Heap before GC invocations=2 (full 1):
 PSYoungGen      total 28672K, used 4090K [0x00000000e0800000, 0x00000000e2800000, 0x0000000100000000)
  eden space 24576K, 0% used [0x00000000e0800000,0x00000000e0800000,0x00000000e2000000)
  from space 4096K, 99% used [0x00000000e2000000,0x00000000e23feab0,0x00000000e2400000)
  to   space 4096K, 0% used [0x00000000e2400000,0x00000000e2400000,0x00000000e2800000)
 ParOldGen       total 65536K, used 4516K [0x00000000a1800000, 0x00000000a5800000, 0x00000000e0800000)
  object space 65536K, 6% used [0x00000000a1800000,0x00000000a1c693c8,0x00000000a5800000)
 Metaspace       used 17628K, capacity 17804K, committed 17920K, reserved 1069056K
  class space    used 2248K, capacity 2298K, committed 2304K, reserved 1048576K

